# JRE version: OpenJDK Runtime Environment (18.0.2+9) (build 18.0.2-ea+9-Ubuntu-222.04)
# Java VM: OpenJDK 64-Bit Server VM (18.0.2-ea+9-Ubuntu-222.04, mixed mode, sharing, tiered, compressed oops, compressed class ptrs, g1 gc, linux-amd64)
GC Precious Log:
 CardTable entry size: 512
 Card Set container configuration: InlinePtr #cards 5 size 8 Array Of Cards #cards 12 size 40 Howl #buckets 4 coarsen threshold 1843 Howl Bitmap #cards 512 size 80 coarsen threshold 460 Card regions per heap region 1 cards per card region 2048
 CPUs: 8 total, 8 available
 Memory: 7733M
 Large Page Support: Disabled
 NUMA Support: Disabled
 Compressed Oops: Enabled (32-bit)
 Heap Region Size: 1M
 Heap Min Capacity: 8M
 Heap Initial Capacity: 122M
 Heap Max Capacity: 1934M
 Pre-touch: Disabled
 Parallel Workers: 8
 Concurrent Workers: 2
 Concurrent Refinement Workers: 8
 Periodic GC: Disabled
Heap:
 garbage-first heap   total 90112K, used 43571K [0x0000000087200000, 0x0000000100000000)
  region size 1024K, 4 young (4096K), 3 survivors (3072K)
 Metaspace       used 24326K, committed 24704K, reserved 1114112K
  class space    used 3220K, committed 3392K, reserved 1048576K
GC Heap History (12 events):
Event: 0.441 GC heap before
{Heap before GC invocations=0 (full 0):
 garbage-first heap   total 126976K, used 23468K [0x0000000087200000, 0x0000000100000000)
  region size 1024K, 23 young (23552K), 0 survivors (0K)
 Metaspace       used 8425K, committed 8576K, reserved 1114112K
  class space    used 963K, committed 1024K, reserved 1048576K
}
Event: 0.443 GC heap after
{Heap after GC invocations=1 (full 0):
 garbage-first heap   total 126976K, used 4703K [0x0000000087200000, 0x0000000100000000)
  region size 1024K, 3 young (3072K), 3 survivors (3072K)
 Metaspace       used 8425K, committed 8576K, reserved 1114112K
  class space    used 963K, committed 1024K, reserved 1048576K
}
Event: 1.152 GC heap before
{Heap before GC invocations=1 (full 0):
 garbage-first heap   total 126976K, used 49759K [0x0000000087200000, 0x0000000100000000)
  region size 1024K, 42 young (43008K), 3 survivors (3072K)
 Metaspace       used 18716K, committed 19008K, reserved 1114112K
  class space    used 2530K, committed 2688K, reserved 1048576K
}
Event: 1.157 GC heap after
{Heap after GC invocations=2 (full 0):
 garbage-first heap   total 126976K, used 17726K [0x0000000087200000, 0x0000000100000000)
  region size 1024K, 6 young (6144K), 6 survivors (6144K)
 Metaspace       used 18716K, committed 19008K, reserved 1114112K
  class space    used 2530K, committed 2688K, reserved 1048576K
}
Event: 8.391 GC heap before
{Heap before GC invocations=2 (full 0):
 garbage-first heap   total 126976K, used 31038K [0x0000000087200000, 0x0000000100000000)
  region size 1024K, 16 young (16384K), 6 survivors (6144K)
 Metaspace       used 21176K, committed 21504K, reserved 1114112K
  class space    used 2765K, committed 2944K, reserved 1048576K
}
Event: 8.395 GC heap after
{Heap after GC invocations=3 (full 0):
 garbage-first heap   total 126976K, used 21959K [0x0000000087200000, 0x0000000100000000)
  region size 1024K, 5 young (5120K), 5 survivors (5120K)
 Metaspace       used 21176K, committed 21504K, reserved 1114112K
  class space    used 2765K, committed 2944K, reserved 1048576K
}
Event: 8.939 GC heap before
{Heap before GC invocations=4 (full 0):
 garbage-first heap   total 81920K, used 70087K [0x0000000087200000, 0x0000000100000000)
  region size 1024K, 48 young (49152K), 5 survivors (5120K)
 Metaspace       used 24198K, committed 24512K, reserved 1114112K
  class space    used 3206K, committed 3392K, reserved 1048576K
}
Event: 8.950 GC heap after
{Heap after GC invocations=5 (full 0):
 garbage-first heap   total 90112K, used 38610K [0x0000000087200000, 0x0000000100000000)
  region size 1024K, 6 young (6144K), 6 survivors (6144K)
 Metaspace       used 24198K, committed 24512K, reserved 1114112K
  class space    used 3206K, committed 3392K, reserved 1048576K
}
Event: 8.956 GC heap before
{Heap before GC invocations=5 (full 0):
 garbage-first heap   total 90112K, used 39634K [0x0000000087200000, 0x0000000100000000)
  region size 1024K, 7 young (7168K), 6 survivors (6144K)
 Metaspace       used 24266K, committed 24640K, reserved 1114112K
  class space    used 3220K, committed 3392K, reserved 1048576K
}
Event: 8.961 GC heap after
{Heap after GC invocations=6 (full 0):
 garbage-first heap   total 90112K, used 39780K [0x0000000087200000, 0x0000000100000000)
  region size 1024K, 1 young (1024K), 1 survivors (1024K)
 Metaspace       used 24266K, committed 24640K, reserved 1114112K
  class space    used 3220K, committed 3392K, reserved 1048576K
}
Event: 8.999 GC heap before
{Heap before GC invocations=6 (full 0):
 garbage-first heap   total 90112K, used 44900K [0x0000000087200000, 0x0000000100000000)
  region size 1024K, 7 young (7168K), 1 survivors (1024K)
 Metaspace       used 24325K, committed 24704K, reserved 1114112K
  class space    used 3220K, committed 3392K, reserved 1048576K
}
Event: 9.000 GC heap after
{Heap after GC invocations=7 (full 0):
 garbage-first heap   total 90112K, used 41523K [0x0000000087200000, 0x0000000100000000)
  region size 1024K, 3 young (3072K), 3 survivors (3072K)
 Metaspace       used 24325K, committed 24704K, reserved 1114112K
  class space    used 3220K, committed 3392K, reserved 1048576K
}

